<?xml version="1.0" encoding="UTF-8"?>
<testng-results skipped="0" failed="0" total="1" passed="1">
  <reporter-output>
  </reporter-output>
  <suite name="Surefire suite" duration-ms="6681" started-at="2021-01-31T20:26:04Z" finished-at="2021-01-31T20:26:11Z">
    <groups>
    </groups>
    <test name="Surefire test" duration-ms="6681" started-at="2021-01-31T20:26:04Z" finished-at="2021-01-31T20:26:11Z">
      <class name="LoginTest">
        <test-method status="PASS" signature="loginTest()" name="loginTest" duration-ms="6660" started-at="2021-01-31T20:26:04Z" finished-at="2021-01-31T20:26:11Z">
        </test-method>
      </class>
    </test>
  </suite>
</testng-results>
