<?xml version="1.0" encoding="UTF-8"?>
<testng-results total="1" passed="1" failed="0" skipped="0">
  <reporter-output>
  </reporter-output>
  <suite started-at="2020-02-16T16:09:23Z" name="Default suite" finished-at="2020-02-16T16:09:33Z" duration-ms="9838">
    <groups>
    </groups>
    <test started-at="2020-02-16T16:09:23Z" name="Default test" finished-at="2020-02-16T16:09:33Z" duration-ms="9838">
      <class name="LoginTest">
        <test-method signature="loginTest()" started-at="2020-02-16T16:09:23Z" name="loginTest" finished-at="2020-02-16T16:09:33Z" duration-ms="9789" status="PASS">
        </test-method>
      </class>
    </test>
  </suite>
</testng-results>
